<?xml version="1.0" encoding="UTF-8"?>
<testsuite name="pl.edu.agh.school.TermTest" tests="2" skipped="0" failures="0" errors="0" timestamp="2023-10-12T07:05:46" hostname="Filips-MacBook-Pro.local" time="0.001">
  <properties/>
  <testcase name="testGetSubject()" classname="pl.edu.agh.school.TermTest" time="0.001"/>
  <testcase name="testTermData()" classname="pl.edu.agh.school.TermTest" time="0.0"/>
  <system-out><![CDATA[]]></system-out>
  <system-err><![CDATA[]]></system-err>
</testsuite>
