<?xml version="1.0" encoding="UTF-8"?>
<testsuite name="pl.edu.agh.school.MarkTest" tests="1" skipped="0" failures="0" errors="0" timestamp="2023-10-12T07:05:46" hostname="Filips-MacBook-Pro.local" time="0.006">
  <properties/>
  <testcase name="testMark()" classname="pl.edu.agh.school.MarkTest" time="0.006"/>
  <system-out><![CDATA[]]></system-out>
  <system-err><![CDATA[]]></system-err>
</testsuite>
