<?xml version="1.0" encoding="UTF-8"?>
<testsuite name="pl.edu.agh.school.StudentTest" tests="3" skipped="0" failures="0" errors="0" timestamp="2023-10-12T07:05:46" hostname="Filips-MacBook-Pro.local" time="0.012">
  <properties/>
  <testcase name="testGetName()" classname="pl.edu.agh.school.StudentTest" time="0.01"/>
  <testcase name="testGetSchedule()" classname="pl.edu.agh.school.StudentTest" time="0.001"/>
  <testcase name="testSetSchoolClass()" classname="pl.edu.agh.school.StudentTest" time="0.001"/>
  <system-out><![CDATA[]]></system-out>
  <system-err><![CDATA[]]></system-err>
</testsuite>
